<?xml version="1.0" ?>
<coverage branch-rate="0.0" line-rate="0.8" version="5.5">
    <packages>
        <package branch-rate="0.0" complexity="0.0" line-rate="0.8" name="">
            <classes>
                <class branch-rate="0.0" complexity="0.0" line-rate="0.8" name="main">
                    <methods/>
                    <lines>
                        <line hits="1" number="1"/>
                        <line hits="1" number="2"/>
                        <line hits="0" number="3"/>
                        <line hits="1" number="4"/>
                        <line hits="0" number="5"/>
                    </lines>
                </class>
            </classes>
        </package>
    </packages>
</coverage>
